<?xml version="1.0" encoding="utf-8"?><testsuites name="pytest tests"><testsuite name="pytest" errors="1" failures="0" skipped="0" tests="35" time="18.158" timestamp="2025-12-03T17:39:04.563797-06:00" hostname="DESKTOP-LT2RV6D"><testcase classname="tests.unit.test_album_service.TestAlbumService" name="test_album_search_empty_query" time="0.206" /><testcase classname="tests.unit.test_album_service.TestAlbumService" name="test_album_creation" time="0.018" /><testcase classname="tests.unit.test_artist_service.TestArtistService" name="test_list_artists_empty_db" time="0.017" /><testcase classname="tests.unit.test_artist_service.TestArtistService" name="test_get_artist_not_found" time="0.537" /><testcase classname="tests.unit.test_artist_service.TestArtistService" name="test_health_check" time="0.016" /><testcase classname="tests.unit.test_artist_service.TestArtistService" name="test_list_artists_pagination[1]" time="0.050" /><testcase classname="tests.unit.test_artist_service.TestArtistService" name="test_search_artists_empty_query" time="0.500" /><testcase classname="tests.unit.test_artist_service.TestArtistService" name="test_list_artists_pagination[50]" time="0.053" /><testcase classname="tests.unit.test_artist_service.TestArtistService" name="test_list_artists_pagination[10]" time="0.035" /><testcase classname="tests.unit.test_artist_service.TestArtistService" name="test_list_artists_pagination[100]" time="0.015" /><testcase classname="tests.unit.test_artist_service.TestArtistService" name="test_list_artists_with_data" time="0.073" /><testcase classname="tests.unit.test_artist_service.TestArtistModel" name="test_artist_creation" time="0.008" /><testcase classname="tests.unit.test_artist_service.TestArtistModel" name="test_artist_unique_id" time="0.009" /><testcase classname="tests.integration.test_full_workflow.TestCompleteRecommendationWorkflow" name="test_user_profile_to_recommendations_flow" time="2.329" /><testcase classname="tests.integration.test_full_workflow.TestPerformanceBenchmarks" name="test_recommendation_performance" time="9.672" /><testcase classname="tests.integration.test_full_workflow.TestPerformanceBenchmarks" name="test_artist_search_performance" time="3.429" /><testcase classname="tests.integration.test_full_workflow.TestSecurityVulnerabilities" name="test_sql_injection_prevention" time="0.531" /><testcase classname="tests.integration.test_full_workflow.TestSecurityVulnerabilities" name="test_xss_prevention_in_user_input" time="0.019" /><testcase classname="tests.unit.test_recommendation_service.TestGenreDetection" name="test_genre_detection[old school rap-hip-hop]" time="0.001" /><testcase classname="tests.unit.test_recommendation_service.TestGenreDetection" name="test_genre_detection[electronic dance-electronic]" time="0.001" /><testcase classname="tests.unit.test_recommendation_service.TestGenreDetection" name="test_genre_detection[country ballads-country]" time="0.001" /><testcase classname="tests.unit.test_recommendation_service.TestGenreDetection" name="test_genre_detection[hip hop beats-hip-hop]" time="0.002" /><testcase classname="tests.unit.test_recommendation_service.TestGenreDetection" name="test_genre_detection[rock music-rock]" time="0.001" /><testcase classname="tests.unit.test_recommendation_service.TestGenreDetection" name="test_genre_detection[relaxing jazz-jazz]" time="0.001" /><testcase classname="tests.unit.test_recommendation_service.TestRecommendationService" name="test_health_check" time="0.011" /><testcase classname="tests.unit.test_recommendation_service.TestRecommendationService" name="test_get_profile_not_found" time="0.015" /><testcase classname="tests.unit.test_recommendation_service.TestRecommendationService" name="test_query_recommendations_limit_bounds[5]" time="0.011" /><testcase classname="tests.unit.test_recommendation_service.TestRecommendationService" name="test_create_profile_new_user" time="0.016" /><testcase classname="tests.unit.test_recommendation_service.TestRecommendationService" name="test_query_recommendations_missing_query" time="0.010" /><testcase classname="tests.unit.test_recommendation_service.TestRecommendationService" name="test_query_recommendations_empty_query" time="0.011" /><testcase classname="tests.unit.test_recommendation_service.TestRecommendationService" name="test_query_recommendations_limit_bounds[1]" time="0.014" /><testcase classname="tests.unit.test_recommendation_service.TestRecommendationService" name="test_query_recommendations_limit_bounds[20]" time="0.011" /><testcase classname="tests.unit.test_recommendation_service.TestRecommendationService" name="test_query_recommendations_limit_bounds[10]" time="0.016" /><testcase classname="tests.unit.test_gateway" name="test_gateway_health" time="0.016" /><testcase classname="pytest" name="internal" time="0.000"><error message="internal error">Traceback (most recent call last):
  File "C:\Users\dennyr\anaconda3\envs\recommender_env\Lib\site-packages\_pytest\main.py", line 318, in wrap_session
    session.exitstatus = doit(config, session) or 0
                         ~~~~^^^^^^^^^^^^^^^^^
  File "C:\Users\dennyr\anaconda3\envs\recommender_env\Lib\site-packages\_pytest\main.py", line 372, in _main
    config.hook.pytest_runtestloop(session=session)
    ~~~~~~~~~~~~~~~~~~~~~~~~~~~~~~^^^^^^^^^^^^^^^^^
  File "C:\Users\dennyr\anaconda3\envs\recommender_env\Lib\site-packages\pluggy\_hooks.py", line 512, in __call__
    return self._hookexec(self.name, self._hookimpls.copy(), kwargs, firstresult)
           ~~~~~~~~~~~~~~^^^^^^^^^^^^^^^^^^^^^^^^^^^^^^^^^^^^^^^^^^^^^^^^^^^^^^^^
  File "C:\Users\dennyr\anaconda3\envs\recommender_env\Lib\site-packages\pluggy\_manager.py", line 120, in _hookexec
    return self._inner_hookexec(hook_name, methods, kwargs, firstresult)
           ~~~~~~~~~~~~~~~~~~~~^^^^^^^^^^^^^^^^^^^^^^^^^^^^^^^^^^^^^^^^^
  File "C:\Users\dennyr\anaconda3\envs\recommender_env\Lib\site-packages\pluggy\_callers.py", line 167, in _multicall
    raise exception
  File "C:\Users\dennyr\anaconda3\envs\recommender_env\Lib\site-packages\pluggy\_callers.py", line 139, in _multicall
    teardown.throw(exception)
    ~~~~~~~~~~~~~~^^^^^^^^^^^
  File "C:\Users\dennyr\anaconda3\envs\recommender_env\Lib\site-packages\_pytest\logging.py", line 801, in pytest_runtestloop
    return (yield)  # Run all the tests.
            ^^^^^
  File "C:\Users\dennyr\anaconda3\envs\recommender_env\Lib\site-packages\pluggy\_callers.py", line 139, in _multicall
    teardown.throw(exception)
    ~~~~~~~~~~~~~~^^^^^^^^^^^
  File "C:\Users\dennyr\anaconda3\envs\recommender_env\Lib\site-packages\_pytest\terminal.py", line 714, in pytest_runtestloop
    result = yield
             ^^^^^
  File "C:\Users\dennyr\anaconda3\envs\recommender_env\Lib\site-packages\pluggy\_callers.py", line 152, in _multicall
    teardown.send(result)
    ~~~~~~~~~~~~~^^^^^^^^
  File "C:\Users\dennyr\anaconda3\envs\recommender_env\Lib\site-packages\pytest_cov\plugin.py", line 349, in pytest_runtestloop
    self.cov_controller.finish()
    ~~~~~~~~~~~~~~~~~~~~~~~~~~^^
  File "C:\Users\dennyr\anaconda3\envs\recommender_env\Lib\site-packages\pytest_cov\engine.py", line 55, in ensure_topdir_wrapper
    return meth(self, *args, **kwargs)
  File "C:\Users\dennyr\anaconda3\envs\recommender_env\Lib\site-packages\pytest_cov\engine.py", line 298, in finish
    self.cov.combine()
    ~~~~~~~~~~~~~~~~^^
  File "C:\Users\dennyr\anaconda3\envs\recommender_env\Lib\site-packages\coverage\control.py", line 899, in combine
    combine_parallel_data(
    ~~~~~~~~~~~~~~~~~~~~~^
        self._data,
        ^^^^^^^^^^^
    ...&lt;4 lines&gt;...
        message=self._message,
        ^^^^^^^^^^^^^^^^^^^^^^
    )
    ^
  File "C:\Users\dennyr\anaconda3\envs\recommender_env\Lib\site-packages\coverage\data.py", line 196, in combine_parallel_data
    file_be_gone(f)
    ~~~~~~~~~~~~^^^
  File "C:\Users\dennyr\anaconda3\envs\recommender_env\Lib\site-packages\coverage\misc.py", line 137, in file_be_gone
    os.remove(path)
    ~~~~~~~~~^^^^^^
PermissionError: [WinError 32] The process cannot access the file because it is being used by another process: 'C:\\Users\\dennyr\\Dropbox\\Education\\Southern Methodist University\\Courses\\Software Architecture &amp; Design CS7319\\Project\\musicbrainz-app\\.coverage.DESKTOP-LT2RV6D.16220.XXrzrBFx'</error></testcase></testsuite></testsuites>