<?xml version="1.0" encoding="utf-8"?><testsuites name="pytest tests"><testsuite name="pytest" errors="19" failures="7" skipped="0" tests="29" time="2.003" timestamp="2025-11-30T23:37:34.255162-06:00" hostname="DESKTOP-LT2RV6D"><testcase classname="tests.unit.test_album_service.TestAlbumService" name="test_album_search_empty_query" time="0.332"><error message="failed on setup with &quot;ModuleNotFoundError: No module named 'prometheus_fastapi_instrumentator'&quot;">C:\Users\dennyr\anaconda3\envs\recommender_env\Lib\site-packages\pytest_asyncio\plugin.py:730: in pytest_fixture_setup
    return (yield)
            ^^^^^
tests\conftest.py:65: in album_client
    from services.album_service import app
services\album_service.py:14: in &lt;module&gt;
    from prometheus_fastapi_instrumentator import Instrumentator
E   ModuleNotFoundError: No module named 'prometheus_fastapi_instrumentator'</error></testcase><testcase classname="tests.unit.test_album_service.TestAlbumService" name="test_album_creation" time="0.029" /><testcase classname="tests.unit.test_artist_service.TestArtistService" name="test_health_check" time="0.015"><error message="failed on setup with &quot;ModuleNotFoundError: No module named 'prometheus_fastapi_instrumentator'&quot;">C:\Users\dennyr\anaconda3\envs\recommender_env\Lib\site-packages\pytest_asyncio\plugin.py:730: in pytest_fixture_setup
    return (yield)
            ^^^^^
tests\conftest.py:47: in artist_client
    from services.artist_service import app
services\artist_service.py:14: in &lt;module&gt;
    from prometheus_fastapi_instrumentator import Instrumentator
E   ModuleNotFoundError: No module named 'prometheus_fastapi_instrumentator'</error></testcase><testcase classname="tests.unit.test_artist_service.TestArtistService" name="test_search_artists_empty_query" time="0.007"><error message="failed on setup with &quot;ModuleNotFoundError: No module named 'prometheus_fastapi_instrumentator'&quot;">C:\Users\dennyr\anaconda3\envs\recommender_env\Lib\site-packages\pytest_asyncio\plugin.py:730: in pytest_fixture_setup
    return (yield)
            ^^^^^
tests\conftest.py:47: in artist_client
    from services.artist_service import app
services\artist_service.py:14: in &lt;module&gt;
    from prometheus_fastapi_instrumentator import Instrumentator
E   ModuleNotFoundError: No module named 'prometheus_fastapi_instrumentator'</error></testcase><testcase classname="tests.unit.test_artist_service.TestArtistService" name="test_list_artists_empty_db" time="0.006"><error message="failed on setup with &quot;ModuleNotFoundError: No module named 'prometheus_fastapi_instrumentator'&quot;">C:\Users\dennyr\anaconda3\envs\recommender_env\Lib\site-packages\pytest_asyncio\plugin.py:730: in pytest_fixture_setup
    return (yield)
            ^^^^^
tests\conftest.py:47: in artist_client
    from services.artist_service import app
services\artist_service.py:14: in &lt;module&gt;
    from prometheus_fastapi_instrumentator import Instrumentator
E   ModuleNotFoundError: No module named 'prometheus_fastapi_instrumentator'</error></testcase><testcase classname="tests.unit.test_artist_service.TestArtistService" name="test_list_artists_with_data" time="0.015"><error message="failed on setup with &quot;ModuleNotFoundError: No module named 'prometheus_fastapi_instrumentator'&quot;">C:\Users\dennyr\anaconda3\envs\recommender_env\Lib\site-packages\pytest_asyncio\plugin.py:730: in pytest_fixture_setup
    return (yield)
            ^^^^^
tests\conftest.py:47: in artist_client
    from services.artist_service import app
services\artist_service.py:14: in &lt;module&gt;
    from prometheus_fastapi_instrumentator import Instrumentator
E   ModuleNotFoundError: No module named 'prometheus_fastapi_instrumentator'</error></testcase><testcase classname="tests.unit.test_artist_service.TestArtistService" name="test_get_artist_not_found" time="0.006"><error message="failed on setup with &quot;ModuleNotFoundError: No module named 'prometheus_fastapi_instrumentator'&quot;">C:\Users\dennyr\anaconda3\envs\recommender_env\Lib\site-packages\pytest_asyncio\plugin.py:730: in pytest_fixture_setup
    return (yield)
            ^^^^^
tests\conftest.py:47: in artist_client
    from services.artist_service import app
services\artist_service.py:14: in &lt;module&gt;
    from prometheus_fastapi_instrumentator import Instrumentator
E   ModuleNotFoundError: No module named 'prometheus_fastapi_instrumentator'</error></testcase><testcase classname="tests.unit.test_artist_service.TestArtistService" name="test_list_artists_pagination[1]" time="0.006"><error message="failed on setup with &quot;ModuleNotFoundError: No module named 'prometheus_fastapi_instrumentator'&quot;">C:\Users\dennyr\anaconda3\envs\recommender_env\Lib\site-packages\pytest_asyncio\plugin.py:730: in pytest_fixture_setup
    return (yield)
            ^^^^^
tests\conftest.py:47: in artist_client
    from services.artist_service import app
services\artist_service.py:14: in &lt;module&gt;
    from prometheus_fastapi_instrumentator import Instrumentator
E   ModuleNotFoundError: No module named 'prometheus_fastapi_instrumentator'</error></testcase><testcase classname="tests.unit.test_artist_service.TestArtistService" name="test_list_artists_pagination[10]" time="0.006"><error message="failed on setup with &quot;ModuleNotFoundError: No module named 'prometheus_fastapi_instrumentator'&quot;">C:\Users\dennyr\anaconda3\envs\recommender_env\Lib\site-packages\pytest_asyncio\plugin.py:730: in pytest_fixture_setup
    return (yield)
            ^^^^^
tests\conftest.py:47: in artist_client
    from services.artist_service import app
services\artist_service.py:14: in &lt;module&gt;
    from prometheus_fastapi_instrumentator import Instrumentator
E   ModuleNotFoundError: No module named 'prometheus_fastapi_instrumentator'</error></testcase><testcase classname="tests.unit.test_artist_service.TestArtistService" name="test_list_artists_pagination[50]" time="0.008"><error message="failed on setup with &quot;ModuleNotFoundError: No module named 'prometheus_fastapi_instrumentator'&quot;">C:\Users\dennyr\anaconda3\envs\recommender_env\Lib\site-packages\pytest_asyncio\plugin.py:730: in pytest_fixture_setup
    return (yield)
            ^^^^^
tests\conftest.py:47: in artist_client
    from services.artist_service import app
services\artist_service.py:14: in &lt;module&gt;
    from prometheus_fastapi_instrumentator import Instrumentator
E   ModuleNotFoundError: No module named 'prometheus_fastapi_instrumentator'</error></testcase><testcase classname="tests.unit.test_artist_service.TestArtistService" name="test_list_artists_pagination[100]" time="0.009"><error message="failed on setup with &quot;ModuleNotFoundError: No module named 'prometheus_fastapi_instrumentator'&quot;">C:\Users\dennyr\anaconda3\envs\recommender_env\Lib\site-packages\pytest_asyncio\plugin.py:730: in pytest_fixture_setup
    return (yield)
            ^^^^^
tests\conftest.py:47: in artist_client
    from services.artist_service import app
services\artist_service.py:14: in &lt;module&gt;
    from prometheus_fastapi_instrumentator import Instrumentator
E   ModuleNotFoundError: No module named 'prometheus_fastapi_instrumentator'</error></testcase><testcase classname="tests.unit.test_artist_service.TestArtistModel" name="test_artist_creation" time="0.008" /><testcase classname="tests.unit.test_artist_service.TestArtistModel" name="test_artist_unique_id" time="0.008" /><testcase classname="tests.unit.test_gateway" name="test_gateway_health" time="0.008"><failure message="ModuleNotFoundError: No module named 'prometheus_fastapi_instrumentator'">tests\unit\test_gateway.py:6: in test_gateway_health
    from gateway.main import app
gateway\main.py:3: in &lt;module&gt;
    from prometheus_fastapi_instrumentator import Instrumentator
E   ModuleNotFoundError: No module named 'prometheus_fastapi_instrumentator'</failure></testcase><testcase classname="tests.unit.test_recommendation_service.TestRecommendationService" name="test_health_check" time="0.020"><error message="failed on setup with &quot;ModuleNotFoundError: No module named 'prometheus_fastapi_instrumentator'&quot;">C:\Users\dennyr\anaconda3\envs\recommender_env\Lib\site-packages\pytest_asyncio\plugin.py:730: in pytest_fixture_setup
    return (yield)
            ^^^^^
tests\conftest.py:83: in recommendation_client
    from services.recommendation_service import app
services\recommendation_service.py:14: in &lt;module&gt;
    from prometheus_fastapi_instrumentator import Instrumentator
E   ModuleNotFoundError: No module named 'prometheus_fastapi_instrumentator'</error></testcase><testcase classname="tests.unit.test_recommendation_service.TestRecommendationService" name="test_query_recommendations_missing_query" time="0.006"><error message="failed on setup with &quot;ModuleNotFoundError: No module named 'prometheus_fastapi_instrumentator'&quot;">C:\Users\dennyr\anaconda3\envs\recommender_env\Lib\site-packages\pytest_asyncio\plugin.py:730: in pytest_fixture_setup
    return (yield)
            ^^^^^
tests\conftest.py:83: in recommendation_client
    from services.recommendation_service import app
services\recommendation_service.py:14: in &lt;module&gt;
    from prometheus_fastapi_instrumentator import Instrumentator
E   ModuleNotFoundError: No module named 'prometheus_fastapi_instrumentator'</error></testcase><testcase classname="tests.unit.test_recommendation_service.TestRecommendationService" name="test_query_recommendations_empty_query" time="0.006"><error message="failed on setup with &quot;ModuleNotFoundError: No module named 'prometheus_fastapi_instrumentator'&quot;">C:\Users\dennyr\anaconda3\envs\recommender_env\Lib\site-packages\pytest_asyncio\plugin.py:730: in pytest_fixture_setup
    return (yield)
            ^^^^^
tests\conftest.py:83: in recommendation_client
    from services.recommendation_service import app
services\recommendation_service.py:14: in &lt;module&gt;
    from prometheus_fastapi_instrumentator import Instrumentator
E   ModuleNotFoundError: No module named 'prometheus_fastapi_instrumentator'</error></testcase><testcase classname="tests.unit.test_recommendation_service.TestRecommendationService" name="test_query_recommendations_limit_bounds[1]" time="0.006"><error message="failed on setup with &quot;ModuleNotFoundError: No module named 'prometheus_fastapi_instrumentator'&quot;">C:\Users\dennyr\anaconda3\envs\recommender_env\Lib\site-packages\pytest_asyncio\plugin.py:730: in pytest_fixture_setup
    return (yield)
            ^^^^^
tests\conftest.py:83: in recommendation_client
    from services.recommendation_service import app
services\recommendation_service.py:14: in &lt;module&gt;
    from prometheus_fastapi_instrumentator import Instrumentator
E   ModuleNotFoundError: No module named 'prometheus_fastapi_instrumentator'</error></testcase><testcase classname="tests.unit.test_recommendation_service.TestRecommendationService" name="test_query_recommendations_limit_bounds[5]" time="0.006"><error message="failed on setup with &quot;ModuleNotFoundError: No module named 'prometheus_fastapi_instrumentator'&quot;">C:\Users\dennyr\anaconda3\envs\recommender_env\Lib\site-packages\pytest_asyncio\plugin.py:730: in pytest_fixture_setup
    return (yield)
            ^^^^^
tests\conftest.py:83: in recommendation_client
    from services.recommendation_service import app
services\recommendation_service.py:14: in &lt;module&gt;
    from prometheus_fastapi_instrumentator import Instrumentator
E   ModuleNotFoundError: No module named 'prometheus_fastapi_instrumentator'</error></testcase><testcase classname="tests.unit.test_recommendation_service.TestRecommendationService" name="test_query_recommendations_limit_bounds[10]" time="0.006"><error message="failed on setup with &quot;ModuleNotFoundError: No module named 'prometheus_fastapi_instrumentator'&quot;">C:\Users\dennyr\anaconda3\envs\recommender_env\Lib\site-packages\pytest_asyncio\plugin.py:730: in pytest_fixture_setup
    return (yield)
            ^^^^^
tests\conftest.py:83: in recommendation_client
    from services.recommendation_service import app
services\recommendation_service.py:14: in &lt;module&gt;
    from prometheus_fastapi_instrumentator import Instrumentator
E   ModuleNotFoundError: No module named 'prometheus_fastapi_instrumentator'</error></testcase><testcase classname="tests.unit.test_recommendation_service.TestRecommendationService" name="test_query_recommendations_limit_bounds[20]" time="0.006"><error message="failed on setup with &quot;ModuleNotFoundError: No module named 'prometheus_fastapi_instrumentator'&quot;">C:\Users\dennyr\anaconda3\envs\recommender_env\Lib\site-packages\pytest_asyncio\plugin.py:730: in pytest_fixture_setup
    return (yield)
            ^^^^^
tests\conftest.py:83: in recommendation_client
    from services.recommendation_service import app
services\recommendation_service.py:14: in &lt;module&gt;
    from prometheus_fastapi_instrumentator import Instrumentator
E   ModuleNotFoundError: No module named 'prometheus_fastapi_instrumentator'</error></testcase><testcase classname="tests.unit.test_recommendation_service.TestRecommendationService" name="test_create_profile_new_user" time="0.007"><error message="failed on setup with &quot;ModuleNotFoundError: No module named 'prometheus_fastapi_instrumentator'&quot;">C:\Users\dennyr\anaconda3\envs\recommender_env\Lib\site-packages\pytest_asyncio\plugin.py:730: in pytest_fixture_setup
    return (yield)
            ^^^^^
tests\conftest.py:83: in recommendation_client
    from services.recommendation_service import app
services\recommendation_service.py:14: in &lt;module&gt;
    from prometheus_fastapi_instrumentator import Instrumentator
E   ModuleNotFoundError: No module named 'prometheus_fastapi_instrumentator'</error></testcase><testcase classname="tests.unit.test_recommendation_service.TestRecommendationService" name="test_get_profile_not_found" time="0.006"><error message="failed on setup with &quot;ModuleNotFoundError: No module named 'prometheus_fastapi_instrumentator'&quot;">C:\Users\dennyr\anaconda3\envs\recommender_env\Lib\site-packages\pytest_asyncio\plugin.py:730: in pytest_fixture_setup
    return (yield)
            ^^^^^
tests\conftest.py:83: in recommendation_client
    from services.recommendation_service import app
services\recommendation_service.py:14: in &lt;module&gt;
    from prometheus_fastapi_instrumentator import Instrumentator
E   ModuleNotFoundError: No module named 'prometheus_fastapi_instrumentator'</error></testcase><testcase classname="tests.unit.test_recommendation_service.TestGenreDetection" name="test_genre_detection[old school rap-hip-hop]" time="0.002"><failure message="ModuleNotFoundError: No module named 'prometheus_fastapi_instrumentator'">tests\unit\test_recommendation_service.py:86: in test_genre_detection
    from services.recommendation_service import detect_genre_enhanced
services\recommendation_service.py:14: in &lt;module&gt;
    from prometheus_fastapi_instrumentator import Instrumentator
E   ModuleNotFoundError: No module named 'prometheus_fastapi_instrumentator'</failure></testcase><testcase classname="tests.unit.test_recommendation_service.TestGenreDetection" name="test_genre_detection[hip hop beats-hip-hop]" time="0.002"><failure message="ModuleNotFoundError: No module named 'prometheus_fastapi_instrumentator'">tests\unit\test_recommendation_service.py:86: in test_genre_detection
    from services.recommendation_service import detect_genre_enhanced
services\recommendation_service.py:14: in &lt;module&gt;
    from prometheus_fastapi_instrumentator import Instrumentator
E   ModuleNotFoundError: No module named 'prometheus_fastapi_instrumentator'</failure></testcase><testcase classname="tests.unit.test_recommendation_service.TestGenreDetection" name="test_genre_detection[rock music-rock]" time="0.002"><failure message="ModuleNotFoundError: No module named 'prometheus_fastapi_instrumentator'">tests\unit\test_recommendation_service.py:86: in test_genre_detection
    from services.recommendation_service import detect_genre_enhanced
services\recommendation_service.py:14: in &lt;module&gt;
    from prometheus_fastapi_instrumentator import Instrumentator
E   ModuleNotFoundError: No module named 'prometheus_fastapi_instrumentator'</failure></testcase><testcase classname="tests.unit.test_recommendation_service.TestGenreDetection" name="test_genre_detection[relaxing jazz-jazz]" time="0.002"><failure message="ModuleNotFoundError: No module named 'prometheus_fastapi_instrumentator'">tests\unit\test_recommendation_service.py:86: in test_genre_detection
    from services.recommendation_service import detect_genre_enhanced
services\recommendation_service.py:14: in &lt;module&gt;
    from prometheus_fastapi_instrumentator import Instrumentator
E   ModuleNotFoundError: No module named 'prometheus_fastapi_instrumentator'</failure></testcase><testcase classname="tests.unit.test_recommendation_service.TestGenreDetection" name="test_genre_detection[electronic dance-electronic]" time="0.002"><failure message="ModuleNotFoundError: No module named 'prometheus_fastapi_instrumentator'">tests\unit\test_recommendation_service.py:86: in test_genre_detection
    from services.recommendation_service import detect_genre_enhanced
services\recommendation_service.py:14: in &lt;module&gt;
    from prometheus_fastapi_instrumentator import Instrumentator
E   ModuleNotFoundError: No module named 'prometheus_fastapi_instrumentator'</failure></testcase><testcase classname="tests.unit.test_recommendation_service.TestGenreDetection" name="test_genre_detection[country ballads-country]" time="0.004"><failure message="ModuleNotFoundError: No module named 'prometheus_fastapi_instrumentator'">tests\unit\test_recommendation_service.py:86: in test_genre_detection
    from services.recommendation_service import detect_genre_enhanced
services\recommendation_service.py:14: in &lt;module&gt;
    from prometheus_fastapi_instrumentator import Instrumentator
E   ModuleNotFoundError: No module named 'prometheus_fastapi_instrumentator'</failure></testcase></testsuite></testsuites>