<?xml version="1.0" encoding="utf-8"?><testsuites name="pytest tests"><testsuite name="pytest" errors="0" failures="0" skipped="0" tests="29" time="2.409" timestamp="2025-12-01T23:31:45.965189-06:00" hostname="DESKTOP-LT2RV6D"><testcase classname="tests.unit.test_album_service.TestAlbumService" name="test_album_search_empty_query" time="0.339" /><testcase classname="tests.unit.test_album_service.TestAlbumService" name="test_album_creation" time="0.019" /><testcase classname="tests.unit.test_artist_service.TestArtistService" name="test_health_check" time="0.042" /><testcase classname="tests.unit.test_artist_service.TestArtistService" name="test_search_artists_empty_query" time="0.711" /><testcase classname="tests.unit.test_artist_service.TestArtistService" name="test_list_artists_empty_db" time="0.021" /><testcase classname="tests.unit.test_artist_service.TestArtistService" name="test_list_artists_with_data" time="0.014" /><testcase classname="tests.unit.test_artist_service.TestArtistService" name="test_get_artist_not_found" time="0.558" /><testcase classname="tests.unit.test_artist_service.TestArtistService" name="test_list_artists_pagination[1]" time="0.037" /><testcase classname="tests.unit.test_artist_service.TestArtistService" name="test_list_artists_pagination[10]" time="0.013" /><testcase classname="tests.unit.test_artist_service.TestArtistService" name="test_list_artists_pagination[50]" time="0.039" /><testcase classname="tests.unit.test_artist_service.TestArtistService" name="test_list_artists_pagination[100]" time="0.014" /><testcase classname="tests.unit.test_artist_service.TestArtistModel" name="test_artist_creation" time="0.007" /><testcase classname="tests.unit.test_artist_service.TestArtistModel" name="test_artist_unique_id" time="0.011" /><testcase classname="tests.unit.test_gateway" name="test_gateway_health" time="0.052" /><testcase classname="tests.unit.test_recommendation_service.TestRecommendationService" name="test_health_check" time="0.024" /><testcase classname="tests.unit.test_recommendation_service.TestRecommendationService" name="test_query_recommendations_missing_query" time="0.015" /><testcase classname="tests.unit.test_recommendation_service.TestRecommendationService" name="test_query_recommendations_empty_query" time="0.010" /><testcase classname="tests.unit.test_recommendation_service.TestRecommendationService" name="test_query_recommendations_limit_bounds[1]" time="0.015" /><testcase classname="tests.unit.test_recommendation_service.TestRecommendationService" name="test_query_recommendations_limit_bounds[5]" time="0.010" /><testcase classname="tests.unit.test_recommendation_service.TestRecommendationService" name="test_query_recommendations_limit_bounds[10]" time="0.010" /><testcase classname="tests.unit.test_recommendation_service.TestRecommendationService" name="test_query_recommendations_limit_bounds[20]" time="0.010" /><testcase classname="tests.unit.test_recommendation_service.TestRecommendationService" name="test_create_profile_new_user" time="0.018" /><testcase classname="tests.unit.test_recommendation_service.TestRecommendationService" name="test_get_profile_not_found" time="0.011" /><testcase classname="tests.unit.test_recommendation_service.TestGenreDetection" name="test_genre_detection[old school rap-hip-hop]" time="0.001" /><testcase classname="tests.unit.test_recommendation_service.TestGenreDetection" name="test_genre_detection[hip hop beats-hip-hop]" time="0.001" /><testcase classname="tests.unit.test_recommendation_service.TestGenreDetection" name="test_genre_detection[rock music-rock]" time="0.001" /><testcase classname="tests.unit.test_recommendation_service.TestGenreDetection" name="test_genre_detection[relaxing jazz-jazz]" time="0.001" /><testcase classname="tests.unit.test_recommendation_service.TestGenreDetection" name="test_genre_detection[electronic dance-electronic]" time="0.001" /><testcase classname="tests.unit.test_recommendation_service.TestGenreDetection" name="test_genre_detection[country ballads-country]" time="0.001" /></testsuite></testsuites>