<?xml version="1.0" encoding="utf-8"?><testsuites name="pytest tests"><testsuite name="pytest" errors="0" failures="3" skipped="9" tests="85" time="57.397" timestamp="2025-12-03T19:38:12.139215-06:00" hostname="DESKTOP-LT2RV6D"><testcase classname="tests.unit.test_gateway" name="test_gateway_health" time="0.148" /><testcase classname="tests.unit.test_recommendation_service.TestGenreDetectionEdgeCases" name="test_genre_detection_edge_cases[ROCK MUSIC-rock]" time="0.009" /><testcase classname="tests.unit.test_recommendation_service.TestGenreDetectionEdgeCases" name="test_genre_detection_edge_cases[   -None]" time="0.001" /><testcase classname="tests.unit.test_recommendation_service.TestGenreDetectionEdgeCases" name="test_genre_detection_edge_cases[-None]" time="0.001" /><testcase classname="tests.unit.test_recommendation_service.TestGenreDetectionEdgeCases" name="test_genre_detection_edge_cases[rock rock rock-rock]" time="0.001" /><testcase classname="tests.unit.test_recommendation_service.TestGenreDetectionEdgeCases" name="test_genre_detection_edge_cases[xyzabc-None]" time="0.001" /><testcase classname="tests.unit.test_recommendation_service.TestGenreDetectionEdgeCases" name="test_genre_detection_edge_cases[RoCk MuSiC-rock]" time="0.001" /><testcase classname="tests.unit.test_recommendation_service.TestGenreDetection" name="test_genre_detection[old school rap-hip-hop]" time="0.001" /><testcase classname="tests.unit.test_recommendation_service.TestGenreDetection" name="test_genre_detection[country ballads-country]" time="0.001" /><testcase classname="tests.unit.test_recommendation_service.TestGenreDetection" name="test_genre_detection[electronic dance-electronic]" time="0.001" /><testcase classname="tests.unit.test_recommendation_service.TestGenreDetection" name="test_genre_detection[rock music-rock]" time="0.001" /><testcase classname="tests.unit.test_recommendation_service.TestGenreDetection" name="test_genre_detection[relaxing jazz-jazz]" time="0.001" /><testcase classname="tests.unit.test_recommendation_service.TestGenreDetection" name="test_genre_detection[hip hop beats-hip-hop]" time="0.001" /><testcase classname="tests.unit.test_recommendation_service.TestRecommendationService" name="test_health_check" time="0.024" /><testcase classname="tests.unit.test_recommendation_service.TestRecommendationService" name="test_query_recommendations_missing_query" time="0.010" /><testcase classname="tests.unit.test_recommendation_service.TestRecommendationService" name="test_query_recommendations_limit_bounds[10]" time="0.021" /><testcase classname="tests.unit.test_recommendation_service.TestRecommendationService" name="test_query_recommendations_limit_bounds[20]" time="0.013" /><testcase classname="tests.unit.test_recommendation_service.TestRecommendationService" name="test_get_profile_not_found" time="0.076" /><testcase classname="tests.unit.test_recommendation_service.TestRecommendationService" name="test_create_profile_new_user" time="0.026" /><testcase classname="tests.unit.test_recommendation_service.TestRecommendationService" name="test_query_recommendations_limit_bounds[5]" time="0.013" /><testcase classname="tests.unit.test_recommendation_service.TestRecommendationService" name="test_query_recommendations_empty_query" time="0.011" /><testcase classname="tests.unit.test_recommendation_service.TestRecommendationService" name="test_query_recommendations_limit_bounds[1]" time="0.014" /><testcase classname="tests.unit.test_recommendation_service.TestRecommendationServiceInputValidation" name="test_profile_with_various_usernames[user123]" time="0.018" /><testcase classname="tests.unit.test_recommendation_service.TestRecommendationServiceInputValidation" name="test_profile_with_various_usernames[user-with-dashes]" time="0.019" /><testcase classname="tests.unit.test_recommendation_service.TestRecommendationServiceInputValidation" name="test_profile_with_various_usernames[USER]" time="0.015" /><testcase classname="tests.unit.test_recommendation_service.TestRecommendationServiceInputValidation" name="test_profile_with_various_usernames[user_with_underscores]" time="0.015" /><testcase classname="tests.unit.test_recommendation_service.TestRecommendationServiceInputValidation" name="test_profile_creation_with_empty_lists" time="0.015" /><testcase classname="tests.unit.test_recommendation_service.TestRecommendationServiceInputValidation" name="test_profile_with_various_usernames[a]" time="0.014" /><testcase classname="tests.unit.test_recommendation_service.TestRecommendationServiceInputValidation" name="test_profile_creation_with_duplicate_genres" time="0.014" /><testcase classname="tests.unit.test_recommendation_service.TestRecommendationServiceInputValidation" name="test_recommendations_with_negative_limit" time="0.494" /><testcase classname="tests.unit.test_recommendation_service.TestRecommendationAlgorithmLogic" name="test_diversity_algorithm_with_mock_data" time="0.166" /><testcase classname="tests.integration.test_full_workflow.TestPerformanceBenchmarks" name="test_artist_search_performance" time="11.892" /><testcase classname="tests.integration.test_full_workflow.TestPerformanceBenchmarks" name="test_recommendation_performance" time="8.992" /><testcase classname="tests.integration.test_full_workflow.TestCompleteRecommendationWorkflow" name="test_user_profile_to_recommendations_flow" time="2.130" /><testcase classname="tests.integration.test_full_workflow.TestSecurityVulnerabilities" name="test_xss_prevention_in_user_input" time="0.036" /><testcase classname="tests.integration.test_full_workflow.TestSecurityVulnerabilities" name="test_sql_injection_prevention" time="1.578" /><testcase classname="tests.integration.test_cross_service_workflows.TestErrorHandlingAcrossServices" name="test_invalid_artist_id_in_recommendation" time="1.311" /><testcase classname="tests.integration.test_cross_service_workflows.TestErrorHandlingAcrossServices" name="test_database_connection_failure_handling" time="0.024" /><testcase classname="tests.integration.test_cross_service_workflows.TestErrorHandlingAcrossServices" name="test_concurrent_profile_updates" time="0.052" /><testcase classname="tests.integration.test_cross_service_workflows.TestDataConsistencyAcrossServices" name="test_profile_persistence_across_requests" time="0.036" /><testcase classname="tests.integration.test_cross_service_workflows.TestDataConsistencyAcrossServices" name="test_artist_deletion_affects_recommendations" time="0.015"><failure message="sqlalchemy.exc.ProgrammingError: (sqlite3.ProgrammingError) Error binding parameter 2: type 'list' is not supported&#10;[SQL: INSERT INTO user_profiles (username, favorite_genres, favorite_artists, listening_history, created_at, updated_at) VALUES (?, ?, ?, ?, ?, ?)]&#10;[parameters: ('test_user', ['rock'], ['test-artist-123'], None, '2025-12-04 01:38:39.973522', '2025-12-04 01:38:39.973524')]&#10;(Background on this error at: https://sqlalche.me/e/20/f405)">C:\Users\dennyr\anaconda3\envs\recommender_env\Lib\site-packages\sqlalchemy\engine\base.py:1967: in _exec_single_context
    self.dialect.do_execute(
C:\Users\dennyr\anaconda3\envs\recommender_env\Lib\site-packages\sqlalchemy\engine\default.py:951: in do_execute
    cursor.execute(statement, parameters)
E   sqlite3.ProgrammingError: Error binding parameter 2: type 'list' is not supported

The above exception was the direct cause of the following exception:
tests\integration\test_cross_service_workflows.py:133: in test_artist_deletion_affects_recommendations
    test_db.commit()
C:\Users\dennyr\anaconda3\envs\recommender_env\Lib\site-packages\sqlalchemy\orm\session.py:2032: in commit
    trans.commit(_to_root=True)
&lt;string&gt;:2: in commit
    ???
C:\Users\dennyr\anaconda3\envs\recommender_env\Lib\site-packages\sqlalchemy\orm\state_changes.py:137: in _go
    ret_value = fn(self, *arg, **kw)
                ^^^^^^^^^^^^^^^^^^^^
C:\Users\dennyr\anaconda3\envs\recommender_env\Lib\site-packages\sqlalchemy\orm\session.py:1313: in commit
    self._prepare_impl()
&lt;string&gt;:2: in _prepare_impl
    ???
C:\Users\dennyr\anaconda3\envs\recommender_env\Lib\site-packages\sqlalchemy\orm\state_changes.py:137: in _go
    ret_value = fn(self, *arg, **kw)
                ^^^^^^^^^^^^^^^^^^^^
C:\Users\dennyr\anaconda3\envs\recommender_env\Lib\site-packages\sqlalchemy\orm\session.py:1288: in _prepare_impl
    self.session.flush()
C:\Users\dennyr\anaconda3\envs\recommender_env\Lib\site-packages\sqlalchemy\orm\session.py:4345: in flush
    self._flush(objects)
C:\Users\dennyr\anaconda3\envs\recommender_env\Lib\site-packages\sqlalchemy\orm\session.py:4480: in _flush
    with util.safe_reraise():
         ^^^^^^^^^^^^^^^^^^^
C:\Users\dennyr\anaconda3\envs\recommender_env\Lib\site-packages\sqlalchemy\util\langhelpers.py:224: in __exit__
    raise exc_value.with_traceback(exc_tb)
C:\Users\dennyr\anaconda3\envs\recommender_env\Lib\site-packages\sqlalchemy\orm\session.py:4441: in _flush
    flush_context.execute()
C:\Users\dennyr\anaconda3\envs\recommender_env\Lib\site-packages\sqlalchemy\orm\unitofwork.py:466: in execute
    rec.execute(self)
C:\Users\dennyr\anaconda3\envs\recommender_env\Lib\site-packages\sqlalchemy\orm\unitofwork.py:642: in execute
    util.preloaded.orm_persistence.save_obj(
C:\Users\dennyr\anaconda3\envs\recommender_env\Lib\site-packages\sqlalchemy\orm\persistence.py:93: in save_obj
    _emit_insert_statements(
C:\Users\dennyr\anaconda3\envs\recommender_env\Lib\site-packages\sqlalchemy\orm\persistence.py:1233: in _emit_insert_statements
    result = connection.execute(
C:\Users\dennyr\anaconda3\envs\recommender_env\Lib\site-packages\sqlalchemy\engine\base.py:1419: in execute
    return meth(
C:\Users\dennyr\anaconda3\envs\recommender_env\Lib\site-packages\sqlalchemy\sql\elements.py:526: in _execute_on_connection
    return connection._execute_clauseelement(
C:\Users\dennyr\anaconda3\envs\recommender_env\Lib\site-packages\sqlalchemy\engine\base.py:1641: in _execute_clauseelement
    ret = self._execute_context(
C:\Users\dennyr\anaconda3\envs\recommender_env\Lib\site-packages\sqlalchemy\engine\base.py:1846: in _execute_context
    return self._exec_single_context(
C:\Users\dennyr\anaconda3\envs\recommender_env\Lib\site-packages\sqlalchemy\engine\base.py:1986: in _exec_single_context
    self._handle_dbapi_exception(
C:\Users\dennyr\anaconda3\envs\recommender_env\Lib\site-packages\sqlalchemy\engine\base.py:2355: in _handle_dbapi_exception
    raise sqlalchemy_exception.with_traceback(exc_info[2]) from e
C:\Users\dennyr\anaconda3\envs\recommender_env\Lib\site-packages\sqlalchemy\engine\base.py:1967: in _exec_single_context
    self.dialect.do_execute(
C:\Users\dennyr\anaconda3\envs\recommender_env\Lib\site-packages\sqlalchemy\engine\default.py:951: in do_execute
    cursor.execute(statement, parameters)
E   sqlalchemy.exc.ProgrammingError: (sqlite3.ProgrammingError) Error binding parameter 2: type 'list' is not supported
E   [SQL: INSERT INTO user_profiles (username, favorite_genres, favorite_artists, listening_history, created_at, updated_at) VALUES (?, ?, ?, ?, ?, ?)]
E   [parameters: ('test_user', ['rock'], ['test-artist-123'], None, '2025-12-04 01:38:39.973522', '2025-12-04 01:38:39.973524')]
E   (Background on this error at: https://sqlalche.me/e/20/f405)</failure></testcase><testcase classname="tests.integration.test_cross_service_workflows.TestRecommendationQualityWorkflows" name="test_genre_based_recommendations_quality" time="1.272"><failure message="assert 0 &gt; 0&#10; +  where 0 = len([])">tests\integration\test_cross_service_workflows.py:194: in test_genre_based_recommendations_quality
    assert len(data['recommendations']) &gt; 0
E   assert 0 &gt; 0
E    +  where 0 = len([])</failure></testcase><testcase classname="tests.integration.test_cross_service_workflows.TestRecommendationQualityWorkflows" name="test_recommendation_limit_boundaries" time="7.091" /><testcase classname="tests.integration.test_cross_service_workflows.TestRecommendationQualityWorkflows" name="test_profile_recommendations_vs_query_recommendations" time="2.655"><failure message="assert 0 &gt; 0&#10; +  where 0 = len([])">tests\integration\test_cross_service_workflows.py:222: in test_profile_recommendations_vs_query_recommendations
    assert len(profile_rec.json()['recommendations']) &gt; 0
E   assert 0 &gt; 0
E    +  where 0 = len([])</failure></testcase><testcase classname="tests.integration.test_cross_service_workflows.TestArtistToAlbumWorkflow" name="test_search_artist_then_recommendations" time="1.752" /><testcase classname="tests.integration.test_cross_service_workflows.TestArtistToAlbumWorkflow" name="test_artist_to_albums_flow" time="0.061" /><testcase classname="tests.unit.test_album_service.TestAlbumModelExtended" name="test_album_with_unicode_title" time="0.011" /><testcase classname="tests.unit.test_album_service.TestAlbumModelExtended" name="test_album_with_missing_optional_fields" time="0.014" /><testcase classname="tests.unit.test_album_service.TestAlbumService" name="test_album_creation" time="0.012" /><testcase classname="tests.unit.test_album_service.TestAlbumService" name="test_album_search_empty_query" time="0.035" /><testcase classname="tests.unit.test_album_service.TestAlbumServiceExtended" name="test_album_search_with_special_characters" time="0.056" /><testcase classname="tests.unit.test_album_service.TestAlbumServiceExtended" name="test_album_list_with_various_limits[100]" time="0.001"><skipped type="pytest.skip" message="Endpoint /albums not implemented yet">C:\Users\dennyr\Dropbox\Education\Southern Methodist University\Courses\Software Architecture &amp; Design CS7319\Project\musicbrainz-app\tests\unit\test_album_service.py:35: Endpoint /albums not implemented yet</skipped></testcase><testcase classname="tests.unit.test_album_service.TestAlbumServiceExtended" name="test_album_by_artist_id_not_found" time="0.015" /><testcase classname="tests.unit.test_album_service.TestAlbumServiceExtended" name="test_album_list_with_various_limits[1]" time="0.001"><skipped type="pytest.skip" message="Endpoint /albums not implemented yet">C:\Users\dennyr\Dropbox\Education\Southern Methodist University\Courses\Software Architecture &amp; Design CS7319\Project\musicbrainz-app\tests\unit\test_album_service.py:35: Endpoint /albums not implemented yet</skipped></testcase><testcase classname="tests.unit.test_album_service.TestAlbumServiceExtended" name="test_album_list_with_various_limits[5]" time="0.001"><skipped type="pytest.skip" message="Endpoint /albums not implemented yet">C:\Users\dennyr\Dropbox\Education\Southern Methodist University\Courses\Software Architecture &amp; Design CS7319\Project\musicbrainz-app\tests\unit\test_album_service.py:35: Endpoint /albums not implemented yet</skipped></testcase><testcase classname="tests.unit.test_album_service.TestAlbumServiceExtended" name="test_album_list_with_various_limits[10]" time="0.001"><skipped type="pytest.skip" message="Endpoint /albums not implemented yet">C:\Users\dennyr\Dropbox\Education\Southern Methodist University\Courses\Software Architecture &amp; Design CS7319\Project\musicbrainz-app\tests\unit\test_album_service.py:35: Endpoint /albums not implemented yet</skipped></testcase><testcase classname="tests.unit.test_album_service.TestAlbumServiceExtended" name="test_album_list_with_various_limits[50]" time="0.001"><skipped type="pytest.skip" message="Endpoint /albums not implemented yet">C:\Users\dennyr\Dropbox\Education\Southern Methodist University\Courses\Software Architecture &amp; Design CS7319\Project\musicbrainz-app\tests\unit\test_album_service.py:35: Endpoint /albums not implemented yet</skipped></testcase><testcase classname="tests.integration.test_gateway_integration.TestGatewayAggregation" name="test_gateway_combines_artist_and_recommendations" time="0.001"><skipped type="pytest.skip" message="Gateway tests require all services running - run manually">C:\Users\dennyr\Dropbox\Education\Southern Methodist University\Courses\Software Architecture &amp; Design CS7319\Project\musicbrainz-app\tests\integration\test_gateway_integration.py:45: Gateway tests require all services running - run manually</skipped></testcase><testcase classname="tests.integration.test_gateway_integration.TestGatewayRouting" name="test_gateway_handles_invalid_routes" time="0.001"><skipped type="pytest.skip" message="Gateway tests require all services running - run manually">C:\Users\dennyr\Dropbox\Education\Southern Methodist University\Courses\Software Architecture &amp; Design CS7319\Project\musicbrainz-app\tests\integration\test_gateway_integration.py:31: Gateway tests require all services running - run manually</skipped></testcase><testcase classname="tests.integration.test_gateway_integration.TestGatewayRouting" name="test_gateway_routes_to_artist_service" time="0.001"><skipped type="pytest.skip" message="Gateway tests require all services running - run manually">C:\Users\dennyr\Dropbox\Education\Southern Methodist University\Courses\Software Architecture &amp; Design CS7319\Project\musicbrainz-app\tests\integration\test_gateway_integration.py:13: Gateway tests require all services running - run manually</skipped></testcase><testcase classname="tests.integration.test_gateway_integration.TestGatewayRouting" name="test_gateway_routes_to_recommendation_service" time="0.001"><skipped type="pytest.skip" message="Gateway tests require all services running - run manually">C:\Users\dennyr\Dropbox\Education\Southern Methodist University\Courses\Software Architecture &amp; Design CS7319\Project\musicbrainz-app\tests\integration\test_gateway_integration.py:23: Gateway tests require all services running - run manually</skipped></testcase><testcase classname="tests.unit.test_artist_service.TestArtistService" name="test_get_artist_not_found" time="0.502" /><testcase classname="tests.unit.test_artist_service.TestArtistService" name="test_search_artists_empty_query" time="0.515" /><testcase classname="tests.unit.test_artist_service.TestArtistService" name="test_list_artists_pagination[50]" time="0.035" /><testcase classname="tests.unit.test_artist_service.TestArtistService" name="test_list_artists_pagination[10]" time="0.030" /><testcase classname="tests.unit.test_artist_service.TestArtistService" name="test_list_artists_with_data" time="0.055" /><testcase classname="tests.unit.test_artist_service.TestArtistService" name="test_health_check" time="0.028" /><testcase classname="tests.unit.test_artist_service.TestArtistService" name="test_list_artists_pagination[1]" time="0.018" /><testcase classname="tests.unit.test_artist_service.TestArtistService" name="test_list_artists_empty_db" time="0.023" /><testcase classname="tests.unit.test_artist_service.TestArtistService" name="test_list_artists_pagination[100]" time="0.031" /><testcase classname="tests.unit.test_artist_service.TestArtistModelValidation" name="test_artist_with_missing_optional_fields" time="0.016" /><testcase classname="tests.unit.test_artist_service.TestArtistModelValidation" name="test_artist_with_unicode_characters" time="0.020" /><testcase classname="tests.unit.test_artist_service.TestArtistModelValidation" name="test_artist_with_very_long_name" time="0.013" /><testcase classname="tests.unit.test_artist_service.TestArtistModel" name="test_artist_creation" time="0.010" /><testcase classname="tests.unit.test_artist_service.TestArtistModel" name="test_artist_unique_id" time="0.007" /><testcase classname="tests.unit.test_artist_service.TestArtistServiceEdgeCases" name="test_list_with_extreme_limits[9999]" time="0.031" /><testcase classname="tests.unit.test_artist_service.TestArtistServiceEdgeCases" name="test_search_with_short_queries[abc]" time="1.567" /><testcase classname="tests.unit.test_artist_service.TestArtistServiceEdgeCases" name="test_search_with_short_queries[a]" time="1.737" /><testcase classname="tests.unit.test_artist_service.TestArtistServiceEdgeCases" name="test_search_with_special_characters" time="6.785" /><testcase classname="tests.unit.test_artist_service.TestArtistServiceEdgeCases" name="test_search_with_short_queries[ab]" time="1.705" /><testcase classname="tests.unit.test_artist_service.TestArtistServiceEdgeCases" name="test_get_artist_with_special_characters_id" time="1.513" /><testcase classname="tests.unit.test_artist_service.TestArtistServiceEdgeCases" name="test_search_with_short_queries[]" time="0.521" /><testcase classname="tests.unit.test_artist_service.TestArtistServiceEdgeCases" name="test_list_with_extreme_limits[1000]" time="0.033" /><testcase classname="tests.unit.test_artist_service.TestArtistServiceEdgeCases" name="test_list_with_extreme_limits[-1]" time="0.014" /><testcase classname="tests.unit.test_artist_service.TestArtistServiceEdgeCases" name="test_list_with_extreme_limits[0]" time="0.022" /></testsuite></testsuites>