<?xml version="1.0" encoding="utf-8"?><testsuites name="pytest tests"><testsuite name="pytest" errors="0" failures="0" skipped="33" tests="35" time="27.603" timestamp="2025-12-03T10:31:07.071021-06:00" hostname="DESKTOP-LT2RV6D"><testcase classname="tests.unit.test_gateway" name="test_gateway_health" time="0.001"><skipped type="pytest.skip" message="Skipping non-benchmark (--benchmark-only active).">C:\Users\dennyr\Dropbox\Education\Southern Methodist University\Courses\Software Architecture &amp; Design CS7319\Project\musicbrainz-app\tests\unit\test_gateway.py:4: Skipping non-benchmark (--benchmark-only active).</skipped></testcase><testcase classname="tests.integration.test_full_workflow.TestCompleteRecommendationWorkflow" name="test_user_profile_to_recommendations_flow" time="0.001"><skipped type="pytest.skip" message="Skipping non-benchmark (--benchmark-only active).">C:\Users\dennyr\Dropbox\Education\Southern Methodist University\Courses\Software Architecture &amp; Design CS7319\Project\musicbrainz-app\tests\integration\test_full_workflow.py:27: Skipping non-benchmark (--benchmark-only active).</skipped></testcase><testcase classname="tests.integration.test_full_workflow.TestCompleteRecommendationWorkflow" name="test_search_artist_get_albums_get_recommendations" time="0.001"><skipped type="pytest.skip" message="Skipping non-benchmark (--benchmark-only active).">C:\Users\dennyr\Dropbox\Education\Southern Methodist University\Courses\Software Architecture &amp; Design CS7319\Project\musicbrainz-app\tests\integration\test_full_workflow.py:13: Skipping non-benchmark (--benchmark-only active).</skipped></testcase><testcase classname="tests.integration.test_full_workflow.TestPerformanceBenchmarks" name="test_recommendation_performance" time="13.250" /><testcase classname="tests.integration.test_full_workflow.TestPerformanceBenchmarks" name="test_artist_search_performance" time="11.246" /><testcase classname="tests.integration.test_full_workflow.TestSecurityVulnerabilities" name="test_sql_injection_prevention" time="0.001"><skipped type="pytest.skip" message="Skipping non-benchmark (--benchmark-only active).">C:\Users\dennyr\Dropbox\Education\Southern Methodist University\Courses\Software Architecture &amp; Design CS7319\Project\musicbrainz-app\tests\integration\test_full_workflow.py:83: Skipping non-benchmark (--benchmark-only active).</skipped></testcase><testcase classname="tests.integration.test_full_workflow.TestSecurityVulnerabilities" name="test_xss_prevention_in_user_input" time="0.001"><skipped type="pytest.skip" message="Skipping non-benchmark (--benchmark-only active).">C:\Users\dennyr\Dropbox\Education\Southern Methodist University\Courses\Software Architecture &amp; Design CS7319\Project\musicbrainz-app\tests\integration\test_full_workflow.py:91: Skipping non-benchmark (--benchmark-only active).</skipped></testcase><testcase classname="tests.unit.test_artist_service.TestArtistService" name="test_get_artist_not_found" time="0.001"><skipped type="pytest.skip" message="Skipping non-benchmark (--benchmark-only active).">C:\Users\dennyr\Dropbox\Education\Southern Methodist University\Courses\Software Architecture &amp; Design CS7319\Project\musicbrainz-app\tests\unit\test_artist_service.py:45: Skipping non-benchmark (--benchmark-only active).</skipped></testcase><testcase classname="tests.unit.test_artist_service.TestArtistService" name="test_search_artists_empty_query" time="0.001"><skipped type="pytest.skip" message="Skipping non-benchmark (--benchmark-only active).">C:\Users\dennyr\Dropbox\Education\Southern Methodist University\Courses\Software Architecture &amp; Design CS7319\Project\musicbrainz-app\tests\unit\test_artist_service.py:18: Skipping non-benchmark (--benchmark-only active).</skipped></testcase><testcase classname="tests.unit.test_artist_service.TestArtistService" name="test_list_artists_pagination[10]" time="0.001"><skipped type="pytest.skip" message="Skipping non-benchmark (--benchmark-only active).">C:\Users\dennyr\Dropbox\Education\Southern Methodist University\Courses\Software Architecture &amp; Design CS7319\Project\musicbrainz-app\tests\unit\test_artist_service.py:51: Skipping non-benchmark (--benchmark-only active).</skipped></testcase><testcase classname="tests.unit.test_artist_service.TestArtistService" name="test_list_artists_pagination[50]" time="0.001"><skipped type="pytest.skip" message="Skipping non-benchmark (--benchmark-only active).">C:\Users\dennyr\Dropbox\Education\Southern Methodist University\Courses\Software Architecture &amp; Design CS7319\Project\musicbrainz-app\tests\unit\test_artist_service.py:51: Skipping non-benchmark (--benchmark-only active).</skipped></testcase><testcase classname="tests.unit.test_artist_service.TestArtistService" name="test_list_artists_empty_db" time="0.001"><skipped type="pytest.skip" message="Skipping non-benchmark (--benchmark-only active).">C:\Users\dennyr\Dropbox\Education\Southern Methodist University\Courses\Software Architecture &amp; Design CS7319\Project\musicbrainz-app\tests\unit\test_artist_service.py:24: Skipping non-benchmark (--benchmark-only active).</skipped></testcase><testcase classname="tests.unit.test_artist_service.TestArtistService" name="test_health_check" time="0.001"><skipped type="pytest.skip" message="Skipping non-benchmark (--benchmark-only active).">C:\Users\dennyr\Dropbox\Education\Southern Methodist University\Courses\Software Architecture &amp; Design CS7319\Project\musicbrainz-app\tests\unit\test_artist_service.py:11: Skipping non-benchmark (--benchmark-only active).</skipped></testcase><testcase classname="tests.unit.test_artist_service.TestArtistService" name="test_list_artists_with_data" time="0.001"><skipped type="pytest.skip" message="Skipping non-benchmark (--benchmark-only active).">C:\Users\dennyr\Dropbox\Education\Southern Methodist University\Courses\Software Architecture &amp; Design CS7319\Project\musicbrainz-app\tests\unit\test_artist_service.py:32: Skipping non-benchmark (--benchmark-only active).</skipped></testcase><testcase classname="tests.unit.test_artist_service.TestArtistService" name="test_list_artists_pagination[100]" time="0.001"><skipped type="pytest.skip" message="Skipping non-benchmark (--benchmark-only active).">C:\Users\dennyr\Dropbox\Education\Southern Methodist University\Courses\Software Architecture &amp; Design CS7319\Project\musicbrainz-app\tests\unit\test_artist_service.py:51: Skipping non-benchmark (--benchmark-only active).</skipped></testcase><testcase classname="tests.unit.test_artist_service.TestArtistService" name="test_list_artists_pagination[1]" time="0.001"><skipped type="pytest.skip" message="Skipping non-benchmark (--benchmark-only active).">C:\Users\dennyr\Dropbox\Education\Southern Methodist University\Courses\Software Architecture &amp; Design CS7319\Project\musicbrainz-app\tests\unit\test_artist_service.py:51: Skipping non-benchmark (--benchmark-only active).</skipped></testcase><testcase classname="tests.unit.test_artist_service.TestArtistModel" name="test_artist_unique_id" time="0.001"><skipped type="pytest.skip" message="Skipping non-benchmark (--benchmark-only active).">C:\Users\dennyr\Dropbox\Education\Southern Methodist University\Courses\Software Architecture &amp; Design CS7319\Project\musicbrainz-app\tests\unit\test_artist_service.py:71: Skipping non-benchmark (--benchmark-only active).</skipped></testcase><testcase classname="tests.unit.test_artist_service.TestArtistModel" name="test_artist_creation" time="0.001"><skipped type="pytest.skip" message="Skipping non-benchmark (--benchmark-only active).">C:\Users\dennyr\Dropbox\Education\Southern Methodist University\Courses\Software Architecture &amp; Design CS7319\Project\musicbrainz-app\tests\unit\test_artist_service.py:60: Skipping non-benchmark (--benchmark-only active).</skipped></testcase><testcase classname="tests.unit.test_album_service.TestAlbumService" name="test_album_search_empty_query" time="0.001"><skipped type="pytest.skip" message="Skipping non-benchmark (--benchmark-only active).">C:\Users\dennyr\Dropbox\Education\Southern Methodist University\Courses\Software Architecture &amp; Design CS7319\Project\musicbrainz-app\tests\unit\test_album_service.py:5: Skipping non-benchmark (--benchmark-only active).</skipped></testcase><testcase classname="tests.unit.test_album_service.TestAlbumService" name="test_album_creation" time="0.001"><skipped type="pytest.skip" message="Skipping non-benchmark (--benchmark-only active).">C:\Users\dennyr\Dropbox\Education\Southern Methodist University\Courses\Software Architecture &amp; Design CS7319\Project\musicbrainz-app\tests\unit\test_album_service.py:11: Skipping non-benchmark (--benchmark-only active).</skipped></testcase><testcase classname="tests.unit.test_recommendation_service.TestGenreDetection" name="test_genre_detection[electronic dance-electronic]" time="0.001"><skipped type="pytest.skip" message="Skipping non-benchmark (--benchmark-only active).">C:\Users\dennyr\Dropbox\Education\Southern Methodist University\Courses\Software Architecture &amp; Design CS7319\Project\musicbrainz-app\tests\unit\test_recommendation_service.py:76: Skipping non-benchmark (--benchmark-only active).</skipped></testcase><testcase classname="tests.unit.test_recommendation_service.TestGenreDetection" name="test_genre_detection[hip hop beats-hip-hop]" time="0.001"><skipped type="pytest.skip" message="Skipping non-benchmark (--benchmark-only active).">C:\Users\dennyr\Dropbox\Education\Southern Methodist University\Courses\Software Architecture &amp; Design CS7319\Project\musicbrainz-app\tests\unit\test_recommendation_service.py:76: Skipping non-benchmark (--benchmark-only active).</skipped></testcase><testcase classname="tests.unit.test_recommendation_service.TestGenreDetection" name="test_genre_detection[old school rap-hip-hop]" time="0.001"><skipped type="pytest.skip" message="Skipping non-benchmark (--benchmark-only active).">C:\Users\dennyr\Dropbox\Education\Southern Methodist University\Courses\Software Architecture &amp; Design CS7319\Project\musicbrainz-app\tests\unit\test_recommendation_service.py:76: Skipping non-benchmark (--benchmark-only active).</skipped></testcase><testcase classname="tests.unit.test_recommendation_service.TestGenreDetection" name="test_genre_detection[rock music-rock]" time="0.001"><skipped type="pytest.skip" message="Skipping non-benchmark (--benchmark-only active).">C:\Users\dennyr\Dropbox\Education\Southern Methodist University\Courses\Software Architecture &amp; Design CS7319\Project\musicbrainz-app\tests\unit\test_recommendation_service.py:76: Skipping non-benchmark (--benchmark-only active).</skipped></testcase><testcase classname="tests.unit.test_recommendation_service.TestGenreDetection" name="test_genre_detection[country ballads-country]" time="0.001"><skipped type="pytest.skip" message="Skipping non-benchmark (--benchmark-only active).">C:\Users\dennyr\Dropbox\Education\Southern Methodist University\Courses\Software Architecture &amp; Design CS7319\Project\musicbrainz-app\tests\unit\test_recommendation_service.py:76: Skipping non-benchmark (--benchmark-only active).</skipped></testcase><testcase classname="tests.unit.test_recommendation_service.TestGenreDetection" name="test_genre_detection[relaxing jazz-jazz]" time="0.001"><skipped type="pytest.skip" message="Skipping non-benchmark (--benchmark-only active).">C:\Users\dennyr\Dropbox\Education\Southern Methodist University\Courses\Software Architecture &amp; Design CS7319\Project\musicbrainz-app\tests\unit\test_recommendation_service.py:76: Skipping non-benchmark (--benchmark-only active).</skipped></testcase><testcase classname="tests.unit.test_recommendation_service.TestRecommendationService" name="test_health_check" time="0.001"><skipped type="pytest.skip" message="Skipping non-benchmark (--benchmark-only active).">C:\Users\dennyr\Dropbox\Education\Southern Methodist University\Courses\Software Architecture &amp; Design CS7319\Project\musicbrainz-app\tests\unit\test_recommendation_service.py:11: Skipping non-benchmark (--benchmark-only active).</skipped></testcase><testcase classname="tests.unit.test_recommendation_service.TestRecommendationService" name="test_get_profile_not_found" time="0.001"><skipped type="pytest.skip" message="Skipping non-benchmark (--benchmark-only active).">C:\Users\dennyr\Dropbox\Education\Southern Methodist University\Courses\Software Architecture &amp; Design CS7319\Project\musicbrainz-app\tests\unit\test_recommendation_service.py:65: Skipping non-benchmark (--benchmark-only active).</skipped></testcase><testcase classname="tests.unit.test_recommendation_service.TestRecommendationService" name="test_query_recommendations_missing_query" time="0.001"><skipped type="pytest.skip" message="Skipping non-benchmark (--benchmark-only active).">C:\Users\dennyr\Dropbox\Education\Southern Methodist University\Courses\Software Architecture &amp; Design CS7319\Project\musicbrainz-app\tests\unit\test_recommendation_service.py:20: Skipping non-benchmark (--benchmark-only active).</skipped></testcase><testcase classname="tests.unit.test_recommendation_service.TestRecommendationService" name="test_query_recommendations_empty_query" time="0.001"><skipped type="pytest.skip" message="Skipping non-benchmark (--benchmark-only active).">C:\Users\dennyr\Dropbox\Education\Southern Methodist University\Courses\Software Architecture &amp; Design CS7319\Project\musicbrainz-app\tests\unit\test_recommendation_service.py:25: Skipping non-benchmark (--benchmark-only active).</skipped></testcase><testcase classname="tests.unit.test_recommendation_service.TestRecommendationService" name="test_create_profile_new_user" time="0.001"><skipped type="pytest.skip" message="Skipping non-benchmark (--benchmark-only active).">C:\Users\dennyr\Dropbox\Education\Southern Methodist University\Courses\Software Architecture &amp; Design CS7319\Project\musicbrainz-app\tests\unit\test_recommendation_service.py:47: Skipping non-benchmark (--benchmark-only active).</skipped></testcase><testcase classname="tests.unit.test_recommendation_service.TestRecommendationService" name="test_query_recommendations_limit_bounds[5]" time="0.001"><skipped type="pytest.skip" message="Skipping non-benchmark (--benchmark-only active).">C:\Users\dennyr\Dropbox\Education\Southern Methodist University\Courses\Software Architecture &amp; Design CS7319\Project\musicbrainz-app\tests\unit\test_recommendation_service.py:31: Skipping non-benchmark (--benchmark-only active).</skipped></testcase><testcase classname="tests.unit.test_recommendation_service.TestRecommendationService" name="test_query_recommendations_limit_bounds[1]" time="0.001"><skipped type="pytest.skip" message="Skipping non-benchmark (--benchmark-only active).">C:\Users\dennyr\Dropbox\Education\Southern Methodist University\Courses\Software Architecture &amp; Design CS7319\Project\musicbrainz-app\tests\unit\test_recommendation_service.py:31: Skipping non-benchmark (--benchmark-only active).</skipped></testcase><testcase classname="tests.unit.test_recommendation_service.TestRecommendationService" name="test_query_recommendations_limit_bounds[10]" time="0.001"><skipped type="pytest.skip" message="Skipping non-benchmark (--benchmark-only active).">C:\Users\dennyr\Dropbox\Education\Southern Methodist University\Courses\Software Architecture &amp; Design CS7319\Project\musicbrainz-app\tests\unit\test_recommendation_service.py:31: Skipping non-benchmark (--benchmark-only active).</skipped></testcase><testcase classname="tests.unit.test_recommendation_service.TestRecommendationService" name="test_query_recommendations_limit_bounds[20]" time="0.001"><skipped type="pytest.skip" message="Skipping non-benchmark (--benchmark-only active).">C:\Users\dennyr\Dropbox\Education\Southern Methodist University\Courses\Software Architecture &amp; Design CS7319\Project\musicbrainz-app\tests\unit\test_recommendation_service.py:31: Skipping non-benchmark (--benchmark-only active).</skipped></testcase></testsuite></testsuites>